<?xml version="1.0" encoding="UTF-8"?>
<con:soapui-project id="15c4f9f9-18bc-4f40-a9e8-5e89f2f70966" activeEnvironment="Default" name="Test" resourceRoot="" soapui-version="5.5.0" abortOnError="false" runType="SEQUENTIAL" xmlns:con="http://eviware.com/soapui/config"><con:settings/><con:interface xsi:type="con:WsdlInterface" id="4fcdf80f-2547-4847-bee3-121c2ed33c59" wsaVersion="NONE" name="ConverterSoap" type="wsdl" bindingName="{http://tempuri.org/}ConverterSoap" soapVersion="1_1" anonymous="optional" definition="http://currencyconverter.kowabunga.net/converter.asmx?WSDL" xmlns:xsi="http://www.w3.org/2001/XMLSchema-instance"><con:settings/><con:definitionCache type="TEXT" rootPart="http://currencyconverter.kowabunga.net/converter.asmx?WSDL"><con:part><con:url>http://currencyconverter.kowabunga.net/converter.asmx?WSDL</con:url><con:content><![CDATA[<wsdl:definitions targetNamespace="http://tempuri.org/" xmlns:s="http://www.w3.org/2001/XMLSchema" xmlns:soap12="http://schemas.xmlsoap.org/wsdl/soap12/" xmlns:mime="http://schemas.xmlsoap.org/wsdl/mime/" xmlns:tns="http://tempuri.org/" xmlns:soap="http://schemas.xmlsoap.org/wsdl/soap/" xmlns:tm="http://microsoft.com/wsdl/mime/textMatching/" xmlns:http="http://schemas.xmlsoap.org/wsdl/http/" xmlns:soapenc="http://schemas.xmlsoap.org/soap/encoding/" xmlns:wsdl="http://schemas.xmlsoap.org/wsdl/">
  <wsdl:types>
    <s:schema elementFormDefault="qualified" targetNamespace="http://tempuri.org/">
      <s:element name="GetCurrencies">
        <s:complexType/>
      </s:element>
      <s:element name="GetCurrenciesResponse">
        <s:complexType>
          <s:sequence>
            <s:element minOccurs="0" maxOccurs="1" name="GetCurrenciesResult" type="tns:ArrayOfString"/>
          </s:sequence>
        </s:complexType>
      </s:element>
      <s:complexType name="ArrayOfString">
        <s:sequence>
          <s:element minOccurs="0" maxOccurs="unbounded" name="string" nillable="true" type="s:string"/>
        </s:sequence>
      </s:complexType>
      <s:element name="GetCurrencyRate">
        <s:complexType>
          <s:sequence>
            <s:element minOccurs="0" maxOccurs="1" name="Currency" type="s:string"/>
            <s:element minOccurs="1" maxOccurs="1" name="RateDate" type="s:dateTime"/>
          </s:sequence>
        </s:complexType>
      </s:element>
      <s:element name="GetCurrencyRateResponse">
        <s:complexType>
          <s:sequence>
            <s:element minOccurs="1" maxOccurs="1" name="GetCurrencyRateResult" type="s:decimal"/>
          </s:sequence>
        </s:complexType>
      </s:element>
      <s:element name="GetCurrencyRates">
        <s:complexType>
          <s:sequence>
            <s:element minOccurs="1" maxOccurs="1" name="RateDate" type="s:dateTime"/>
          </s:sequence>
        </s:complexType>
      </s:element>
      <s:element name="GetCurrencyRatesResponse">
        <s:complexType>
          <s:sequence>
            <s:element minOccurs="0" maxOccurs="1" name="GetCurrencyRatesResult">
              <s:complexType>
                <s:sequence>
                  <s:element ref="s:schema"/>
                  <s:any/>
                </s:sequence>
              </s:complexType>
            </s:element>
          </s:sequence>
        </s:complexType>
      </s:element>
      <s:element name="GetConversionRate">
        <s:complexType>
          <s:sequence>
            <s:element minOccurs="0" maxOccurs="1" name="CurrencyFrom" type="s:string"/>
            <s:element minOccurs="0" maxOccurs="1" name="CurrencyTo" type="s:string"/>
            <s:element minOccurs="1" maxOccurs="1" name="RateDate" type="s:dateTime"/>
          </s:sequence>
        </s:complexType>
      </s:element>
      <s:element name="GetConversionRateResponse">
        <s:complexType>
          <s:sequence>
            <s:element minOccurs="1" maxOccurs="1" name="GetConversionRateResult" type="s:decimal"/>
          </s:sequence>
        </s:complexType>
      </s:element>
      <s:element name="GetConversionAmount">
        <s:complexType>
          <s:sequence>
            <s:element minOccurs="0" maxOccurs="1" name="CurrencyFrom" type="s:string"/>
            <s:element minOccurs="0" maxOccurs="1" name="CurrencyTo" type="s:string"/>
            <s:element minOccurs="1" maxOccurs="1" name="RateDate" type="s:dateTime"/>
            <s:element minOccurs="1" maxOccurs="1" name="Amount" type="s:decimal"/>
          </s:sequence>
        </s:complexType>
      </s:element>
      <s:element name="GetConversionAmountResponse">
        <s:complexType>
          <s:sequence>
            <s:element minOccurs="1" maxOccurs="1" name="GetConversionAmountResult" type="s:decimal"/>
          </s:sequence>
        </s:complexType>
      </s:element>
      <s:element name="GetCultureInfo">
        <s:complexType>
          <s:sequence>
            <s:element minOccurs="0" maxOccurs="1" name="Currency" type="s:string"/>
          </s:sequence>
        </s:complexType>
      </s:element>
      <s:element name="GetCultureInfoResponse">
        <s:complexType>
          <s:sequence>
            <s:element minOccurs="0" maxOccurs="1" name="GetCultureInfoResult" type="s:string"/>
          </s:sequence>
        </s:complexType>
      </s:element>
      <s:element name="ConvertDataTableColumn">
        <s:complexType>
          <s:sequence>
            <s:element minOccurs="0" maxOccurs="1" name="ds">
              <s:complexType>
                <s:sequence>
                  <s:element ref="s:schema"/>
                  <s:any/>
                </s:sequence>
              </s:complexType>
            </s:element>
            <s:element minOccurs="1" maxOccurs="1" name="TableIndex" type="s:int"/>
            <s:element minOccurs="0" maxOccurs="1" name="ColumnName" type="s:string"/>
            <s:element minOccurs="0" maxOccurs="1" name="FromCurrency" type="s:string"/>
            <s:element minOccurs="0" maxOccurs="1" name="ToCurrency" type="s:string"/>
          </s:sequence>
        </s:complexType>
      </s:element>
      <s:element name="ConvertDataTableColumnResponse">
        <s:complexType>
          <s:sequence>
            <s:element minOccurs="0" maxOccurs="1" name="ds">
              <s:complexType>
                <s:sequence>
                  <s:element ref="s:schema"/>
                  <s:any/>
                </s:sequence>
              </s:complexType>
            </s:element>
          </s:sequence>
        </s:complexType>
      </s:element>
      <s:element name="GetLastUpdateDate">
        <s:complexType/>
      </s:element>
      <s:element name="GetLastUpdateDateResponse">
        <s:complexType>
          <s:sequence>
            <s:element minOccurs="1" maxOccurs="1" name="GetLastUpdateDateResult" type="s:dateTime"/>
          </s:sequence>
        </s:complexType>
      </s:element>
      <s:element name="ArrayOfString" nillable="true" type="tns:ArrayOfString"/>
      <s:element name="decimal" type="s:decimal"/>
      <s:element name="DataSet" nillable="true">
        <s:complexType>
          <s:sequence>
            <s:element ref="s:schema"/>
            <s:any/>
          </s:sequence>
        </s:complexType>
      </s:element>
      <s:element name="string" nillable="true" type="s:string"/>
      <s:element name="dateTime" type="s:dateTime"/>
    </s:schema>
  </wsdl:types>
  <wsdl:message name="GetCurrenciesSoapIn">
    <wsdl:part name="parameters" element="tns:GetCurrencies"/>
  </wsdl:message>
  <wsdl:message name="GetCurrenciesSoapOut">
    <wsdl:part name="parameters" element="tns:GetCurrenciesResponse"/>
  </wsdl:message>
  <wsdl:message name="GetCurrencyRateSoapIn">
    <wsdl:part name="parameters" element="tns:GetCurrencyRate"/>
  </wsdl:message>
  <wsdl:message name="GetCurrencyRateSoapOut">
    <wsdl:part name="parameters" element="tns:GetCurrencyRateResponse"/>
  </wsdl:message>
  <wsdl:message name="GetCurrencyRatesSoapIn">
    <wsdl:part name="parameters" element="tns:GetCurrencyRates"/>
  </wsdl:message>
  <wsdl:message name="GetCurrencyRatesSoapOut">
    <wsdl:part name="parameters" element="tns:GetCurrencyRatesResponse"/>
  </wsdl:message>
  <wsdl:message name="GetConversionRateSoapIn">
    <wsdl:part name="parameters" element="tns:GetConversionRate"/>
  </wsdl:message>
  <wsdl:message name="GetConversionRateSoapOut">
    <wsdl:part name="parameters" element="tns:GetConversionRateResponse"/>
  </wsdl:message>
  <wsdl:message name="GetConversionAmountSoapIn">
    <wsdl:part name="parameters" element="tns:GetConversionAmount"/>
  </wsdl:message>
  <wsdl:message name="GetConversionAmountSoapOut">
    <wsdl:part name="parameters" element="tns:GetConversionAmountResponse"/>
  </wsdl:message>
  <wsdl:message name="GetCultureInfoSoapIn">
    <wsdl:part name="parameters" element="tns:GetCultureInfo"/>
  </wsdl:message>
  <wsdl:message name="GetCultureInfoSoapOut">
    <wsdl:part name="parameters" element="tns:GetCultureInfoResponse"/>
  </wsdl:message>
  <wsdl:message name="ConvertDataTableColumnSoapIn">
    <wsdl:part name="parameters" element="tns:ConvertDataTableColumn"/>
  </wsdl:message>
  <wsdl:message name="ConvertDataTableColumnSoapOut">
    <wsdl:part name="parameters" element="tns:ConvertDataTableColumnResponse"/>
  </wsdl:message>
  <wsdl:message name="GetLastUpdateDateSoapIn">
    <wsdl:part name="parameters" element="tns:GetLastUpdateDate"/>
  </wsdl:message>
  <wsdl:message name="GetLastUpdateDateSoapOut">
    <wsdl:part name="parameters" element="tns:GetLastUpdateDateResponse"/>
  </wsdl:message>
  <wsdl:message name="GetCurrenciesHttpGetIn"/>
  <wsdl:message name="GetCurrenciesHttpGetOut">
    <wsdl:part name="Body" element="tns:ArrayOfString"/>
  </wsdl:message>
  <wsdl:message name="GetCurrencyRateHttpGetIn">
    <wsdl:part name="Currency" type="s:string"/>
    <wsdl:part name="RateDate" type="s:string"/>
  </wsdl:message>
  <wsdl:message name="GetCurrencyRateHttpGetOut">
    <wsdl:part name="Body" element="tns:decimal"/>
  </wsdl:message>
  <wsdl:message name="GetCurrencyRatesHttpGetIn">
    <wsdl:part name="RateDate" type="s:string"/>
  </wsdl:message>
  <wsdl:message name="GetCurrencyRatesHttpGetOut">
    <wsdl:part name="Body" element="tns:DataSet"/>
  </wsdl:message>
  <wsdl:message name="GetConversionRateHttpGetIn">
    <wsdl:part name="CurrencyFrom" type="s:string"/>
    <wsdl:part name="CurrencyTo" type="s:string"/>
    <wsdl:part name="RateDate" type="s:string"/>
  </wsdl:message>
  <wsdl:message name="GetConversionRateHttpGetOut">
    <wsdl:part name="Body" element="tns:decimal"/>
  </wsdl:message>
  <wsdl:message name="GetConversionAmountHttpGetIn">
    <wsdl:part name="CurrencyFrom" type="s:string"/>
    <wsdl:part name="CurrencyTo" type="s:string"/>
    <wsdl:part name="RateDate" type="s:string"/>
    <wsdl:part name="Amount" type="s:string"/>
  </wsdl:message>
  <wsdl:message name="GetConversionAmountHttpGetOut">
    <wsdl:part name="Body" element="tns:decimal"/>
  </wsdl:message>
  <wsdl:message name="GetCultureInfoHttpGetIn">
    <wsdl:part name="Currency" type="s:string"/>
  </wsdl:message>
  <wsdl:message name="GetCultureInfoHttpGetOut">
    <wsdl:part name="Body" element="tns:string"/>
  </wsdl:message>
  <wsdl:message name="GetLastUpdateDateHttpGetIn"/>
  <wsdl:message name="GetLastUpdateDateHttpGetOut">
    <wsdl:part name="Body" element="tns:dateTime"/>
  </wsdl:message>
  <wsdl:message name="GetCurrenciesHttpPostIn"/>
  <wsdl:message name="GetCurrenciesHttpPostOut">
    <wsdl:part name="Body" element="tns:ArrayOfString"/>
  </wsdl:message>
  <wsdl:message name="GetCurrencyRateHttpPostIn">
    <wsdl:part name="Currency" type="s:string"/>
    <wsdl:part name="RateDate" type="s:string"/>
  </wsdl:message>
  <wsdl:message name="GetCurrencyRateHttpPostOut">
    <wsdl:part name="Body" element="tns:decimal"/>
  </wsdl:message>
  <wsdl:message name="GetCurrencyRatesHttpPostIn">
    <wsdl:part name="RateDate" type="s:string"/>
  </wsdl:message>
  <wsdl:message name="GetCurrencyRatesHttpPostOut">
    <wsdl:part name="Body" element="tns:DataSet"/>
  </wsdl:message>
  <wsdl:message name="GetConversionRateHttpPostIn">
    <wsdl:part name="CurrencyFrom" type="s:string"/>
    <wsdl:part name="CurrencyTo" type="s:string"/>
    <wsdl:part name="RateDate" type="s:string"/>
  </wsdl:message>
  <wsdl:message name="GetConversionRateHttpPostOut">
    <wsdl:part name="Body" element="tns:decimal"/>
  </wsdl:message>
  <wsdl:message name="GetConversionAmountHttpPostIn">
    <wsdl:part name="CurrencyFrom" type="s:string"/>
    <wsdl:part name="CurrencyTo" type="s:string"/>
    <wsdl:part name="RateDate" type="s:string"/>
    <wsdl:part name="Amount" type="s:string"/>
  </wsdl:message>
  <wsdl:message name="GetConversionAmountHttpPostOut">
    <wsdl:part name="Body" element="tns:decimal"/>
  </wsdl:message>
  <wsdl:message name="GetCultureInfoHttpPostIn">
    <wsdl:part name="Currency" type="s:string"/>
  </wsdl:message>
  <wsdl:message name="GetCultureInfoHttpPostOut">
    <wsdl:part name="Body" element="tns:string"/>
  </wsdl:message>
  <wsdl:message name="GetLastUpdateDateHttpPostIn"/>
  <wsdl:message name="GetLastUpdateDateHttpPostOut">
    <wsdl:part name="Body" element="tns:dateTime"/>
  </wsdl:message>
  <wsdl:portType name="ConverterSoap">
    <wsdl:operation name="GetCurrencies">
      <wsdl:input message="tns:GetCurrenciesSoapIn"/>
      <wsdl:output message="tns:GetCurrenciesSoapOut"/>
    </wsdl:operation>
    <wsdl:operation name="GetCurrencyRate">
      <wsdl:input message="tns:GetCurrencyRateSoapIn"/>
      <wsdl:output message="tns:GetCurrencyRateSoapOut"/>
    </wsdl:operation>
    <wsdl:operation name="GetCurrencyRates">
      <wsdl:input message="tns:GetCurrencyRatesSoapIn"/>
      <wsdl:output message="tns:GetCurrencyRatesSoapOut"/>
    </wsdl:operation>
    <wsdl:operation name="GetConversionRate">
      <wsdl:input message="tns:GetConversionRateSoapIn"/>
      <wsdl:output message="tns:GetConversionRateSoapOut"/>
    </wsdl:operation>
    <wsdl:operation name="GetConversionAmount">
      <wsdl:input message="tns:GetConversionAmountSoapIn"/>
      <wsdl:output message="tns:GetConversionAmountSoapOut"/>
    </wsdl:operation>
    <wsdl:operation name="GetCultureInfo">
      <wsdl:input message="tns:GetCultureInfoSoapIn"/>
      <wsdl:output message="tns:GetCultureInfoSoapOut"/>
    </wsdl:operation>
    <wsdl:operation name="ConvertDataTableColumn">
      <wsdl:input message="tns:ConvertDataTableColumnSoapIn"/>
      <wsdl:output message="tns:ConvertDataTableColumnSoapOut"/>
    </wsdl:operation>
    <wsdl:operation name="GetLastUpdateDate">
      <wsdl:input message="tns:GetLastUpdateDateSoapIn"/>
      <wsdl:output message="tns:GetLastUpdateDateSoapOut"/>
    </wsdl:operation>
  </wsdl:portType>
  <wsdl:portType name="ConverterHttpGet">
    <wsdl:operation name="GetCurrencies">
      <wsdl:input message="tns:GetCurrenciesHttpGetIn"/>
      <wsdl:output message="tns:GetCurrenciesHttpGetOut"/>
    </wsdl:operation>
    <wsdl:operation name="GetCurrencyRate">
      <wsdl:input message="tns:GetCurrencyRateHttpGetIn"/>
      <wsdl:output message="tns:GetCurrencyRateHttpGetOut"/>
    </wsdl:operation>
    <wsdl:operation name="GetCurrencyRates">
      <wsdl:input message="tns:GetCurrencyRatesHttpGetIn"/>
      <wsdl:output message="tns:GetCurrencyRatesHttpGetOut"/>
    </wsdl:operation>
    <wsdl:operation name="GetConversionRate">
      <wsdl:input message="tns:GetConversionRateHttpGetIn"/>
      <wsdl:output message="tns:GetConversionRateHttpGetOut"/>
    </wsdl:operation>
    <wsdl:operation name="GetConversionAmount">
      <wsdl:input message="tns:GetConversionAmountHttpGetIn"/>
      <wsdl:output message="tns:GetConversionAmountHttpGetOut"/>
    </wsdl:operation>
    <wsdl:operation name="GetCultureInfo">
      <wsdl:input message="tns:GetCultureInfoHttpGetIn"/>
      <wsdl:output message="tns:GetCultureInfoHttpGetOut"/>
    </wsdl:operation>
    <wsdl:operation name="GetLastUpdateDate">
      <wsdl:input message="tns:GetLastUpdateDateHttpGetIn"/>
      <wsdl:output message="tns:GetLastUpdateDateHttpGetOut"/>
    </wsdl:operation>
  </wsdl:portType>
  <wsdl:portType name="ConverterHttpPost">
    <wsdl:operation name="GetCurrencies">
      <wsdl:input message="tns:GetCurrenciesHttpPostIn"/>
      <wsdl:output message="tns:GetCurrenciesHttpPostOut"/>
    </wsdl:operation>
    <wsdl:operation name="GetCurrencyRate">
      <wsdl:input message="tns:GetCurrencyRateHttpPostIn"/>
      <wsdl:output message="tns:GetCurrencyRateHttpPostOut"/>
    </wsdl:operation>
    <wsdl:operation name="GetCurrencyRates">
      <wsdl:input message="tns:GetCurrencyRatesHttpPostIn"/>
      <wsdl:output message="tns:GetCurrencyRatesHttpPostOut"/>
    </wsdl:operation>
    <wsdl:operation name="GetConversionRate">
      <wsdl:input message="tns:GetConversionRateHttpPostIn"/>
      <wsdl:output message="tns:GetConversionRateHttpPostOut"/>
    </wsdl:operation>
    <wsdl:operation name="GetConversionAmount">
      <wsdl:input message="tns:GetConversionAmountHttpPostIn"/>
      <wsdl:output message="tns:GetConversionAmountHttpPostOut"/>
    </wsdl:operation>
    <wsdl:operation name="GetCultureInfo">
      <wsdl:input message="tns:GetCultureInfoHttpPostIn"/>
      <wsdl:output message="tns:GetCultureInfoHttpPostOut"/>
    </wsdl:operation>
    <wsdl:operation name="GetLastUpdateDate">
      <wsdl:input message="tns:GetLastUpdateDateHttpPostIn"/>
      <wsdl:output message="tns:GetLastUpdateDateHttpPostOut"/>
    </wsdl:operation>
  </wsdl:portType>
  <wsdl:binding name="ConverterSoap" type="tns:ConverterSoap">
    <soap:binding transport="http://schemas.xmlsoap.org/soap/http"/>
    <wsdl:operation name="GetCurrencies">
      <soap:operation soapAction="http://tempuri.org/GetCurrencies" style="document"/>
      <wsdl:input>
        <soap:body use="literal"/>
      </wsdl:input>
      <wsdl:output>
        <soap:body use="literal"/>
      </wsdl:output>
    </wsdl:operation>
    <wsdl:operation name="GetCurrencyRate">
      <soap:operation soapAction="http://tempuri.org/GetCurrencyRate" style="document"/>
      <wsdl:input>
        <soap:body use="literal"/>
      </wsdl:input>
      <wsdl:output>
        <soap:body use="literal"/>
      </wsdl:output>
    </wsdl:operation>
    <wsdl:operation name="GetCurrencyRates">
      <soap:operation soapAction="http://tempuri.org/GetCurrencyRates" style="document"/>
      <wsdl:input>
        <soap:body use="literal"/>
      </wsdl:input>
      <wsdl:output>
        <soap:body use="literal"/>
      </wsdl:output>
    </wsdl:operation>
    <wsdl:operation name="GetConversionRate">
      <soap:operation soapAction="http://tempuri.org/GetConversionRate" style="document"/>
      <wsdl:input>
        <soap:body use="literal"/>
      </wsdl:input>
      <wsdl:output>
        <soap:body use="literal"/>
      </wsdl:output>
    </wsdl:operation>
    <wsdl:operation name="GetConversionAmount">
      <soap:operation soapAction="http://tempuri.org/GetConversionAmount" style="document"/>
      <wsdl:input>
        <soap:body use="literal"/>
      </wsdl:input>
      <wsdl:output>
        <soap:body use="literal"/>
      </wsdl:output>
    </wsdl:operation>
    <wsdl:operation name="GetCultureInfo">
      <soap:operation soapAction="http://tempuri.org/GetCultureInfo" style="document"/>
      <wsdl:input>
        <soap:body use="literal"/>
      </wsdl:input>
      <wsdl:output>
        <soap:body use="literal"/>
      </wsdl:output>
    </wsdl:operation>
    <wsdl:operation name="ConvertDataTableColumn">
      <soap:operation soapAction="http://tempuri.org/ConvertDataTableColumn" style="document"/>
      <wsdl:input>
        <soap:body use="literal"/>
      </wsdl:input>
      <wsdl:output>
        <soap:body use="literal"/>
      </wsdl:output>
    </wsdl:operation>
    <wsdl:operation name="GetLastUpdateDate">
      <soap:operation soapAction="http://tempuri.org/GetLastUpdateDate" style="document"/>
      <wsdl:input>
        <soap:body use="literal"/>
      </wsdl:input>
      <wsdl:output>
        <soap:body use="literal"/>
      </wsdl:output>
    </wsdl:operation>
  </wsdl:binding>
  <wsdl:binding name="ConverterSoap12" type="tns:ConverterSoap">
    <soap12:binding transport="http://schemas.xmlsoap.org/soap/http"/>
    <wsdl:operation name="GetCurrencies">
      <soap12:operation soapAction="http://tempuri.org/GetCurrencies" style="document"/>
      <wsdl:input>
        <soap12:body use="literal"/>
      </wsdl:input>
      <wsdl:output>
        <soap12:body use="literal"/>
      </wsdl:output>
    </wsdl:operation>
    <wsdl:operation name="GetCurrencyRate">
      <soap12:operation soapAction="http://tempuri.org/GetCurrencyRate" style="document"/>
      <wsdl:input>
        <soap12:body use="literal"/>
      </wsdl:input>
      <wsdl:output>
        <soap12:body use="literal"/>
      </wsdl:output>
    </wsdl:operation>
    <wsdl:operation name="GetCurrencyRates">
      <soap12:operation soapAction="http://tempuri.org/GetCurrencyRates" style="document"/>
      <wsdl:input>
        <soap12:body use="literal"/>
      </wsdl:input>
      <wsdl:output>
        <soap12:body use="literal"/>
      </wsdl:output>
    </wsdl:operation>
    <wsdl:operation name="GetConversionRate">
      <soap12:operation soapAction="http://tempuri.org/GetConversionRate" style="document"/>
      <wsdl:input>
        <soap12:body use="literal"/>
      </wsdl:input>
      <wsdl:output>
        <soap12:body use="literal"/>
      </wsdl:output>
    </wsdl:operation>
    <wsdl:operation name="GetConversionAmount">
      <soap12:operation soapAction="http://tempuri.org/GetConversionAmount" style="document"/>
      <wsdl:input>
        <soap12:body use="literal"/>
      </wsdl:input>
      <wsdl:output>
        <soap12:body use="literal"/>
      </wsdl:output>
    </wsdl:operation>
    <wsdl:operation name="GetCultureInfo">
      <soap12:operation soapAction="http://tempuri.org/GetCultureInfo" style="document"/>
      <wsdl:input>
        <soap12:body use="literal"/>
      </wsdl:input>
      <wsdl:output>
        <soap12:body use="literal"/>
      </wsdl:output>
    </wsdl:operation>
    <wsdl:operation name="ConvertDataTableColumn">
      <soap12:operation soapAction="http://tempuri.org/ConvertDataTableColumn" style="document"/>
      <wsdl:input>
        <soap12:body use="literal"/>
      </wsdl:input>
      <wsdl:output>
        <soap12:body use="literal"/>
      </wsdl:output>
    </wsdl:operation>
    <wsdl:operation name="GetLastUpdateDate">
      <soap12:operation soapAction="http://tempuri.org/GetLastUpdateDate" style="document"/>
      <wsdl:input>
        <soap12:body use="literal"/>
      </wsdl:input>
      <wsdl:output>
        <soap12:body use="literal"/>
      </wsdl:output>
    </wsdl:operation>
  </wsdl:binding>
  <wsdl:binding name="ConverterHttpGet" type="tns:ConverterHttpGet">
    <http:binding verb="GET"/>
    <wsdl:operation name="GetCurrencies">
      <http:operation location="/GetCurrencies"/>
      <wsdl:input>
        <http:urlEncoded/>
      </wsdl:input>
      <wsdl:output>
        <mime:mimeXml part="Body"/>
      </wsdl:output>
    </wsdl:operation>
    <wsdl:operation name="GetCurrencyRate">
      <http:operation location="/GetCurrencyRate"/>
      <wsdl:input>
        <http:urlEncoded/>
      </wsdl:input>
      <wsdl:output>
        <mime:mimeXml part="Body"/>
      </wsdl:output>
    </wsdl:operation>
    <wsdl:operation name="GetCurrencyRates">
      <http:operation location="/GetCurrencyRates"/>
      <wsdl:input>
        <http:urlEncoded/>
      </wsdl:input>
      <wsdl:output>
        <mime:mimeXml part="Body"/>
      </wsdl:output>
    </wsdl:operation>
    <wsdl:operation name="GetConversionRate">
      <http:operation location="/GetConversionRate"/>
      <wsdl:input>
        <http:urlEncoded/>
      </wsdl:input>
      <wsdl:output>
        <mime:mimeXml part="Body"/>
      </wsdl:output>
    </wsdl:operation>
    <wsdl:operation name="GetConversionAmount">
      <http:operation location="/GetConversionAmount"/>
      <wsdl:input>
        <http:urlEncoded/>
      </wsdl:input>
      <wsdl:output>
        <mime:mimeXml part="Body"/>
      </wsdl:output>
    </wsdl:operation>
    <wsdl:operation name="GetCultureInfo">
      <http:operation location="/GetCultureInfo"/>
      <wsdl:input>
        <http:urlEncoded/>
      </wsdl:input>
      <wsdl:output>
        <mime:mimeXml part="Body"/>
      </wsdl:output>
    </wsdl:operation>
    <wsdl:operation name="GetLastUpdateDate">
      <http:operation location="/GetLastUpdateDate"/>
      <wsdl:input>
        <http:urlEncoded/>
      </wsdl:input>
      <wsdl:output>
        <mime:mimeXml part="Body"/>
      </wsdl:output>
    </wsdl:operation>
  </wsdl:binding>
  <wsdl:binding name="ConverterHttpPost" type="tns:ConverterHttpPost">
    <http:binding verb="POST"/>
    <wsdl:operation name="GetCurrencies">
      <http:operation location="/GetCurrencies"/>
      <wsdl:input>
        <mime:content type="application/x-www-form-urlencoded"/>
      </wsdl:input>
      <wsdl:output>
        <mime:mimeXml part="Body"/>
      </wsdl:output>
    </wsdl:operation>
    <wsdl:operation name="GetCurrencyRate">
      <http:operation location="/GetCurrencyRate"/>
      <wsdl:input>
        <mime:content type="application/x-www-form-urlencoded"/>
      </wsdl:input>
      <wsdl:output>
        <mime:mimeXml part="Body"/>
      </wsdl:output>
    </wsdl:operation>
    <wsdl:operation name="GetCurrencyRates">
      <http:operation location="/GetCurrencyRates"/>
      <wsdl:input>
        <mime:content type="application/x-www-form-urlencoded"/>
      </wsdl:input>
      <wsdl:output>
        <mime:mimeXml part="Body"/>
      </wsdl:output>
    </wsdl:operation>
    <wsdl:operation name="GetConversionRate">
      <http:operation location="/GetConversionRate"/>
      <wsdl:input>
        <mime:content type="application/x-www-form-urlencoded"/>
      </wsdl:input>
      <wsdl:output>
        <mime:mimeXml part="Body"/>
      </wsdl:output>
    </wsdl:operation>
    <wsdl:operation name="GetConversionAmount">
      <http:operation location="/GetConversionAmount"/>
      <wsdl:input>
        <mime:content type="application/x-www-form-urlencoded"/>
      </wsdl:input>
      <wsdl:output>
        <mime:mimeXml part="Body"/>
      </wsdl:output>
    </wsdl:operation>
    <wsdl:operation name="GetCultureInfo">
      <http:operation location="/GetCultureInfo"/>
      <wsdl:input>
        <mime:content type="application/x-www-form-urlencoded"/>
      </wsdl:input>
      <wsdl:output>
        <mime:mimeXml part="Body"/>
      </wsdl:output>
    </wsdl:operation>
    <wsdl:operation name="GetLastUpdateDate">
      <http:operation location="/GetLastUpdateDate"/>
      <wsdl:input>
        <mime:content type="application/x-www-form-urlencoded"/>
      </wsdl:input>
      <wsdl:output>
        <mime:mimeXml part="Body"/>
      </wsdl:output>
    </wsdl:operation>
  </wsdl:binding>
  <wsdl:service name="Converter">
    <wsdl:port name="ConverterSoap" binding="tns:ConverterSoap">
      <soap:address location="http://currencyconverter.kowabunga.net/converter.asmx"/>
    </wsdl:port>
    <wsdl:port name="ConverterSoap12" binding="tns:ConverterSoap12">
      <soap12:address location="http://currencyconverter.kowabunga.net/converter.asmx"/>
    </wsdl:port>
    <wsdl:port name="ConverterHttpGet" binding="tns:ConverterHttpGet">
      <http:address location="http://currencyconverter.kowabunga.net/converter.asmx"/>
    </wsdl:port>
    <wsdl:port name="ConverterHttpPost" binding="tns:ConverterHttpPost">
      <http:address location="http://currencyconverter.kowabunga.net/converter.asmx"/>
    </wsdl:port>
  </wsdl:service>
</wsdl:definitions>]]></con:content><con:type>http://schemas.xmlsoap.org/wsdl/</con:type></con:part></con:definitionCache><con:endpoints><con:endpoint>http://currencyconverter.kowabunga.net/converter.asmx</con:endpoint></con:endpoints><con:operation id="a7b4ae23-0062-4cda-a773-cd3bb3890193" isOneWay="false" action="http://tempuri.org/ConvertDataTableColumn" name="ConvertDataTableColumn" bindingOperationName="ConvertDataTableColumn" type="Request-Response" inputName="" receivesAttachments="false" sendsAttachments="false" anonymous="optional"><con:settings/><con:call id="1535f21c-453f-448a-a93b-22ea27bcfef8" name="Request 1"><con:settings><con:setting id="com.eviware.soapui.impl.wsdl.WsdlRequest@request-headers">&lt;xml-fragment/></con:setting></con:settings><con:encoding>UTF-8</con:encoding><con:endpoint>http://currencyconverter.kowabunga.net/converter.asmx</con:endpoint><con:request><![CDATA[<soapenv:Envelope xmlns:soapenv="http://schemas.xmlsoap.org/soap/envelope/" xmlns:tem="http://tempuri.org/" xmlns:xs="http://www.w3.org/2001/XMLSchema">\r
   <soapenv:Header/>\r
   <soapenv:Body>\r
      <tem:ConvertDataTableColumn>\r
         <!--Optional:-->\r
         <tem:ds>\r
            <xs:schema>\r
               <!--Ignoring type [{http://www.w3.org/2001/XMLSchema}schema]-->\r
            </xs:schema>\r
            <!--You may enter ANY elements at this point-->\r
         </tem:ds>\r
         <tem:TableIndex>0</tem:TableIndex>\r
         <!--Optional:-->\r
         <tem:ColumnName>curency</tem:ColumnName>\r
         <!--Optional:-->\r
         <tem:FromCurrency>USD</tem:FromCurrency>\r
         <!--Optional:-->\r
         <tem:ToCurrency>INR</tem:ToCurrency>\r
      </tem:ConvertDataTableColumn>\r
   </soapenv:Body>\r
</soapenv:Envelope>]]></con:request><con:credentials><con:authType>No Authorization</con:authType></con:credentials><con:jmsConfig JMSDeliveryMode="PERSISTENT"/><con:jmsPropertyConfig/><con:wsaConfig mustUnderstand="NONE" version="200508" action="http://tempuri.org/ConvertDataTableColumn"/><con:wsrmConfig version="1.2"/></con:call></con:operation><con:operation id="6b174a26-61f7-4e58-bf5b-7aef979e4f06" isOneWay="false" action="http://tempuri.org/GetConversionAmount" name="GetConversionAmount" bindingOperationName="GetConversionAmount" type="Request-Response" inputName="" receivesAttachments="false" sendsAttachments="false" anonymous="optional"><con:settings/><con:call id="cbcd1e1f-649d-459d-8bc2-8f288fa21be2" name="Request 1"><con:settings/><con:encoding>UTF-8</con:encoding><con:endpoint>http://currencyconverter.kowabunga.net/converter.asmx</con:endpoint><con:request><![CDATA[<soapenv:Envelope xmlns:soapenv="http://schemas.xmlsoap.org/soap/envelope/" xmlns:tem="http://tempuri.org/">\r
   <soapenv:Header/>\r
   <soapenv:Body>\r
      <tem:GetConversionAmount>\r
         <!--Optional:-->\r
         <tem:CurrencyFrom>?</tem:CurrencyFrom>\r
         <!--Optional:-->\r
         <tem:CurrencyTo>?</tem:CurrencyTo>\r
         <tem:RateDate>?</tem:RateDate>\r
         <tem:Amount>?</tem:Amount>\r
      </tem:GetConversionAmount>\r
   </soapenv:Body>\r
</soapenv:Envelope>]]></con:request><con:wsaConfig mustUnderstand="NONE" version="200508" action="http://tempuri.org/GetConversionAmount"/></con:call></con:operation><con:operation id="6254e4ec-b2b4-4bae-b2fd-2bd661749808" isOneWay="false" action="http://tempuri.org/GetConversionRate" name="GetConversionRate" bindingOperationName="GetConversionRate" type="Request-Response" inputName="" receivesAttachments="false" sendsAttachments="false" anonymous="optional"><con:settings/><con:call id="a32aec5e-d788-473a-b44c-1b59d0a08cc0" name="Request 1"><con:settings/><con:encoding>UTF-8</con:encoding><con:endpoint>http://currencyconverter.kowabunga.net/converter.asmx</con:endpoint><con:request><![CDATA[<soapenv:Envelope xmlns:soapenv="http://schemas.xmlsoap.org/soap/envelope/" xmlns:tem="http://tempuri.org/">\r
   <soapenv:Header/>\r
   <soapenv:Body>\r
      <tem:GetConversionRate>\r
         <!--Optional:-->\r
         <tem:CurrencyFrom>?</tem:CurrencyFrom>\r
         <!--Optional:-->\r
         <tem:CurrencyTo>?</tem:CurrencyTo>\r
         <tem:RateDate>?</tem:RateDate>\r
      </tem:GetConversionRate>\r
   </soapenv:Body>\r
</soapenv:Envelope>]]></con:request><con:wsaConfig mustUnderstand="NONE" version="200508" action="http://tempuri.org/GetConversionRate"/></con:call></con:operation><con:operation id="020cec4b-1dc2-4872-890c-e87179733852" isOneWay="false" action="http://tempuri.org/GetCultureInfo" name="GetCultureInfo" bindingOperationName="GetCultureInfo" type="Request-Response" inputName="" receivesAttachments="false" sendsAttachments="false" anonymous="optional"><con:settings/><con:call id="23b63ecd-c308-4fd5-8ed8-54c5158d35cd" name="Request 1"><con:settings/><con:encoding>UTF-8</con:encoding><con:endpoint>http://currencyconverter.kowabunga.net/converter.asmx</con:endpoint><con:request><![CDATA[<soapenv:Envelope xmlns:soapenv="http://schemas.xmlsoap.org/soap/envelope/" xmlns:tem="http://tempuri.org/">\r
   <soapenv:Header/>\r
   <soapenv:Body>\r
      <tem:GetCultureInfo>\r
         <!--Optional:-->\r
         <tem:Currency>?</tem:Currency>\r
      </tem:GetCultureInfo>\r
   </soapenv:Body>\r
</soapenv:Envelope>]]></con:request><con:wsaConfig mustUnderstand="NONE" version="200508" action="http://tempuri.org/GetCultureInfo"/></con:call></con:operation><con:operation id="10f37f8d-7e39-4952-be03-75fb7132dade" isOneWay="false" action="http://tempuri.org/GetCurrencies" name="GetCurrencies" bindingOperationName="GetCurrencies" type="Request-Response" inputName="" receivesAttachments="false" sendsAttachments="false" anonymous="optional"><con:settings/><con:call id="09a90037-1878-4aa4-9ba9-e38e80e906dd" name="Request 1"><con:settings/><con:encoding>UTF-8</con:encoding><con:endpoint>http://currencyconverter.kowabunga.net/converter.asmx</con:endpoint><con:request><![CDATA[<soapenv:Envelope xmlns:soapenv="http://schemas.xmlsoap.org/soap/envelope/" xmlns:tem="http://tempuri.org/">\r
   <soapenv:Header/>\r
   <soapenv:Body>\r
      <tem:GetCurrencies/>\r
   </soapenv:Body>\r
</soapenv:Envelope>]]></con:request><con:wsaConfig mustUnderstand="NONE" version="200508" action="http://tempuri.org/GetCurrencies"/></con:call></con:operation><con:operation id="bb46b295-9de1-498a-981c-a15f7a1bdc8d" isOneWay="false" action="http://tempuri.org/GetCurrencyRate" name="GetCurrencyRate" bindingOperationName="GetCurrencyRate" type="Request-Response" inputName="" receivesAttachments="false" sendsAttachments="false" anonymous="optional"><con:settings/><con:call id="abd3277b-4981-4271-bacf-8e2b75ea1eeb" name="Request 1"><con:settings/><con:encoding>UTF-8</con:encoding><con:endpoint>http://currencyconverter.kowabunga.net/converter.asmx</con:endpoint><con:request><![CDATA[<soapenv:Envelope xmlns:soapenv="http://schemas.xmlsoap.org/soap/envelope/" xmlns:tem="http://tempuri.org/">\r
   <soapenv:Header/>\r
   <soapenv:Body>\r
      <tem:GetCurrencyRate>\r
         <!--Optional:-->\r
         <tem:Currency>?</tem:Currency>\r
         <tem:RateDate>?</tem:RateDate>\r
      </tem:GetCurrencyRate>\r
   </soapenv:Body>\r
</soapenv:Envelope>]]></con:request><con:wsaConfig mustUnderstand="NONE" version="200508" action="http://tempuri.org/GetCurrencyRate"/></con:call></con:operation><con:operation id="96472aef-62f6-4fe2-9f88-0d1f30ceb95e" isOneWay="false" action="http://tempuri.org/GetCurrencyRates" name="GetCurrencyRates" bindingOperationName="GetCurrencyRates" type="Request-Response" inputName="" receivesAttachments="false" sendsAttachments="false" anonymous="optional"><con:settings/><con:call id="59615044-17ce-4b77-b597-03ee15d5f73a" name="Request 1"><con:settings/><con:encoding>UTF-8</con:encoding><con:endpoint>http://currencyconverter.kowabunga.net/converter.asmx</con:endpoint><con:request><![CDATA[<soapenv:Envelope xmlns:soapenv="http://schemas.xmlsoap.org/soap/envelope/" xmlns:tem="http://tempuri.org/">\r
   <soapenv:Header/>\r
   <soapenv:Body>\r
      <tem:GetCurrencyRates>\r
         <tem:RateDate>?</tem:RateDate>\r
      </tem:GetCurrencyRates>\r
   </soapenv:Body>\r
</soapenv:Envelope>]]></con:request><con:wsaConfig mustUnderstand="NONE" version="200508" action="http://tempuri.org/GetCurrencyRates"/></con:call></con:operation><con:operation id="5c17e999-a363-45c2-8288-d4b7292770c3" isOneWay="false" action="http://tempuri.org/GetLastUpdateDate" name="GetLastUpdateDate" bindingOperationName="GetLastUpdateDate" type="Request-Response" inputName="" receivesAttachments="false" sendsAttachments="false" anonymous="optional"><con:settings/><con:call id="cc2edc9f-2c52-44ad-890f-7d4a1f5de81e" name="Request 1"><con:settings/><con:encoding>UTF-8</con:encoding><con:endpoint>http://currencyconverter.kowabunga.net/converter.asmx</con:endpoint><con:request><![CDATA[<soapenv:Envelope xmlns:soapenv="http://schemas.xmlsoap.org/soap/envelope/" xmlns:tem="http://tempuri.org/">\r
   <soapenv:Header/>\r
   <soapenv:Body>\r
      <tem:GetLastUpdateDate/>\r
   </soapenv:Body>\r
</soapenv:Envelope>]]></con:request><con:wsaConfig mustUnderstand="NONE" version="200508" action="http://tempuri.org/GetLastUpdateDate"/></con:call></con:operation></con:interface><con:testSuite id="0a446638-f8e4-4393-8211-0ae9513e3990" name="ConverterSoap TestSuite"><con:settings/><con:runType>SEQUENTIAL</con:runType><con:testCase id="e27aa24e-4c12-441b-bfd3-1eca11bb4164" failOnError="true" failTestCaseOnErrors="true" keepSession="false" maxResults="0" name="ConvertDataTableColumn TestCase" searchProperties="true"><con:settings/><con:testStep type="request" id="292eeccc-6bfb-4ca9-8ce4-9d742ec08072" name="ConvertDataTableColumn"><con:settings/><con:config xsi:type="con:RequestStep" xmlns:xsi="http://www.w3.org/2001/XMLSchema-instance"><con:interface>ConverterSoap</con:interface><con:operation>ConvertDataTableColumn</con:operation><con:request name="ConvertDataTableColumn" id="a6cd78e8-eae3-4b4c-8ef7-285c1fc30eab"><con:settings><con:setting id="com.eviware.soapui.impl.wsdl.WsdlRequest@request-headers">&lt;xml-fragment/></con:setting></con:settings><con:encoding>UTF-8</con:encoding><con:endpoint>http://currencyconverter.kowabunga.net/converter.asmx</con:endpoint><con:request>https://developers.google.com/custom-search/v1/using_rest</con:request><con:credentials><con:authType>No Authorization</con:authType></con:credentials><con:jmsConfig JMSDeliveryMode="PERSISTENT"/><con:jmsPropertyConfig/><con:wsaConfig action="http://tempuri.org/ConvertDataTableColumn" mustUnderstand="NONE" version="200508"/><con:wsrmConfig version="1.2"/></con:request></con:config></con:testStep><con:properties/></con:testCase><con:testCase id="9c7fe866-da5b-43f4-9f61-e6b63ad9f75d" failOnError="true" failTestCaseOnErrors="true" keepSession="false" maxResults="0" name="GetConversionAmount TestCase" searchProperties="true"><con:settings/><con:testStep type="request" id="263c3174-d161-4860-8c13-6f397f9c4241" name="GetConversionAmount"><con:settings/><con:config xsi:type="con:RequestStep" xmlns:xsi="http://www.w3.org/2001/XMLSchema-instance"><con:interface>ConverterSoap</con:interface><con:operation>GetConversionAmount</con:operation><con:request name="GetConversionAmount" id="0b574dab-59b0-4eb5-9a41-a5f0274bfedd"><con:settings/><con:encoding>UTF-8</con:encoding><con:endpoint>http://currencyconverter.kowabunga.net/converter.asmx</con:endpoint><con:request><![CDATA[<soapenv:Envelope xmlns:soapenv="http://schemas.xmlsoap.org/soap/envelope/" xmlns:tem="http://tempuri.org/">\r
   <soapenv:Header/>\r
   <soapenv:Body>\r
      <tem:GetConversionAmount>\r
         <!--Optional:-->\r
         <tem:CurrencyFrom>?</tem:CurrencyFrom>\r
         <!--Optional:-->\r
         <tem:CurrencyTo>?</tem:CurrencyTo>\r
         <tem:RateDate>?</tem:RateDate>\r
         <tem:Amount>?</tem:Amount>\r
      </tem:GetConversionAmount>\r
   </soapenv:Body>\r
</soapenv:Envelope>]]></con:request><con:credentials><con:authType>No Authorization</con:authType></con:credentials><con:wsaConfig action="http://tempuri.org/GetConversionAmount"/></con:request></con:config></con:testStep><con:properties/></con:testCase><con:testCase id="fab6a06e-1cb1-4325-a8a6-f615c158d9e2" failOnError="true" failTestCaseOnErrors="true" keepSession="false" maxResults="0" name="GetConversionRate TestCase" searchProperties="true"><con:settings/><con:testStep type="request" id="559a6664-3f1f-4695-a4e6-40dfe77f3ec3" name="GetConversionRate"><con:settings/><con:config xsi:type="con:RequestStep" xmlns:xsi="http://www.w3.org/2001/XMLSchema-instance"><con:interface>ConverterSoap</con:interface><con:operation>GetConversionRate</con:operation><con:request name="GetConversionRate" id="7eabc602-f46c-4cd8-9e49-fdf2404e68b4"><con:settings/><con:encoding>UTF-8</con:encoding><con:endpoint>http://currencyconverter.kowabunga.net/converter.asmx</con:endpoint><con:request><![CDATA[<soapenv:Envelope xmlns:soapenv="http://schemas.xmlsoap.org/soap/envelope/" xmlns:tem="http://tempuri.org/">\r
   <soapenv:Header/>\r
   <soapenv:Body>\r
      <tem:GetConversionRate>\r
         <!--Optional:-->\r
         <tem:CurrencyFrom>?</tem:CurrencyFrom>\r
         <!--Optional:-->\r
         <tem:CurrencyTo>?</tem:CurrencyTo>\r
         <tem:RateDate>?</tem:RateDate>\r
      </tem:GetConversionRate>\r
   </soapenv:Body>\r
</soapenv:Envelope>]]></con:request><con:credentials><con:authType>No Authorization</con:authType></con:credentials><con:wsaConfig action="http://tempuri.org/GetConversionRate"/></con:request></con:config></con:testStep><con:properties/></con:testCase><con:testCase id="2f79d465-e0e6-4278-b2c2-62c2d9301187" failOnError="true" failTestCaseOnErrors="true" keepSession="false" maxResults="0" name="GetCultureInfo TestCase" searchProperties="true"><con:settings/><con:testStep type="request" id="da70622b-7160-4784-ae0f-43870517a2cf" name="GetCultureInfo"><con:settings/><con:config xsi:type="con:RequestStep" xmlns:xsi="http://www.w3.org/2001/XMLSchema-instance"><con:interface>ConverterSoap</con:interface><con:operation>GetCultureInfo</con:operation><con:request name="GetCultureInfo" id="92abcf33-8802-42e1-bec3-e893304be4e2"><con:settings/><con:encoding>UTF-8</con:encoding><con:endpoint>http://currencyconverter.kowabunga.net/converter.asmx</con:endpoint><con:request><![CDATA[<soapenv:Envelope xmlns:soapenv="http://schemas.xmlsoap.org/soap/envelope/" xmlns:tem="http://tempuri.org/">\r
   <soapenv:Header/>\r
   <soapenv:Body>\r
      <tem:GetCultureInfo>\r
         <!--Optional:-->\r
         <tem:Currency>?</tem:Currency>\r
      </tem:GetCultureInfo>\r
   </soapenv:Body>\r
</soapenv:Envelope>]]></con:request><con:credentials><con:authType>No Authorization</con:authType></con:credentials><con:wsaConfig action="http://tempuri.org/GetCultureInfo"/></con:request></con:config></con:testStep><con:properties/></con:testCase><con:testCase id="22a6574a-44de-4bef-94b9-bdf742be2f94" failOnError="true" failTestCaseOnErrors="true" keepSession="false" maxResults="0" name="GetCurrencies TestCase" searchProperties="true"><con:settings/><con:testStep type="request" id="ee986fc6-77b4-429d-af1b-6e86e5d0c0aa" name="GetCurrencies"><con:settings/><con:config xsi:type="con:RequestStep" xmlns:xsi="http://www.w3.org/2001/XMLSchema-instance"><con:interface>ConverterSoap</con:interface><con:operation>GetCurrencies</con:operation><con:request name="GetCurrencies" id="3c47e6d3-5441-41cb-9118-26cf28ff4e78"><con:settings/><con:encoding>UTF-8</con:encoding><con:endpoint>http://currencyconverter.kowabunga.net/converter.asmx</con:endpoint><con:request><![CDATA[<soapenv:Envelope xmlns:soapenv="http://schemas.xmlsoap.org/soap/envelope/" xmlns:tem="http://tempuri.org/">\r
   <soapenv:Header/>\r
   <soapenv:Body>\r
      <tem:GetCurrencies/>\r
   </soapenv:Body>\r
</soapenv:Envelope>]]></con:request><con:credentials><con:authType>No Authorization</con:authType></con:credentials><con:wsaConfig action="http://tempuri.org/GetCurrencies"/></con:request></con:config></con:testStep><con:properties/></con:testCase><con:testCase id="22080028-9056-49eb-910b-dff067aa3fde" failOnError="true" failTestCaseOnErrors="true" keepSession="false" maxResults="0" name="GetCurrencyRate TestCase" searchProperties="true"><con:settings/><con:testStep type="request" id="8b886480-d2fb-4ba7-8586-d37652520128" name="GetCurrencyRate"><con:settings/><con:config xsi:type="con:RequestStep" xmlns:xsi="http://www.w3.org/2001/XMLSchema-instance"><con:interface>ConverterSoap</con:interface><con:operation>GetCurrencyRate</con:operation><con:request name="GetCurrencyRate" id="ba34d10e-3fcf-4335-883a-fc3b17673d27"><con:settings/><con:encoding>UTF-8</con:encoding><con:endpoint>http://currencyconverter.kowabunga.net/converter.asmx</con:endpoint><con:request><![CDATA[<soapenv:Envelope xmlns:soapenv="http://schemas.xmlsoap.org/soap/envelope/" xmlns:tem="http://tempuri.org/">\r
   <soapenv:Header/>\r
   <soapenv:Body>\r
      <tem:GetCurrencyRate>\r
         <!--Optional:-->\r
         <tem:Currency>?</tem:Currency>\r
         <tem:RateDate>?</tem:RateDate>\r
      </tem:GetCurrencyRate>\r
   </soapenv:Body>\r
</soapenv:Envelope>]]></con:request><con:credentials><con:authType>No Authorization</con:authType></con:credentials><con:wsaConfig action="http://tempuri.org/GetCurrencyRate"/></con:request></con:config></con:testStep><con:properties/></con:testCase><con:testCase id="223d39d4-7929-41f3-8f96-1aac3ab61345" failOnError="true" failTestCaseOnErrors="true" keepSession="false" maxResults="0" name="GetCurrencyRates TestCase" searchProperties="true"><con:settings/><con:testStep type="request" id="a4ad2044-d735-49f3-8b6b-3b7ea167886a" name="GetCurrencyRates"><con:settings/><con:config xsi:type="con:RequestStep" xmlns:xsi="http://www.w3.org/2001/XMLSchema-instance"><con:interface>ConverterSoap</con:interface><con:operation>GetCurrencyRates</con:operation><con:request name="GetCurrencyRates" id="581c5783-4d3d-4728-a23b-bfd3a2a3d24e"><con:settings/><con:encoding>UTF-8</con:encoding><con:endpoint>http://currencyconverter.kowabunga.net/converter.asmx</con:endpoint><con:request><![CDATA[<soapenv:Envelope xmlns:soapenv="http://schemas.xmlsoap.org/soap/envelope/" xmlns:tem="http://tempuri.org/">\r
   <soapenv:Header/>\r
   <soapenv:Body>\r
      <tem:GetCurrencyRates>\r
         <tem:RateDate>?</tem:RateDate>\r
      </tem:GetCurrencyRates>\r
   </soapenv:Body>\r
</soapenv:Envelope>]]></con:request><con:credentials><con:authType>No Authorization</con:authType></con:credentials><con:wsaConfig action="http://tempuri.org/GetCurrencyRates"/></con:request></con:config></con:testStep><con:properties/></con:testCase><con:testCase id="0b0a7bb8-8386-4072-a5b6-bdced28f2161" failOnError="true" failTestCaseOnErrors="true" keepSession="false" maxResults="0" name="GetLastUpdateDate TestCase" searchProperties="true"><con:settings/><con:testStep type="request" id="7845e1fe-a9f3-472f-ba99-deab4175288d" name="GetLastUpdateDate"><con:settings/><con:config xsi:type="con:RequestStep" xmlns:xsi="http://www.w3.org/2001/XMLSchema-instance"><con:interface>ConverterSoap</con:interface><con:operation>GetLastUpdateDate</con:operation><con:request name="GetLastUpdateDate" id="99029486-e5de-4e8b-97b4-2561188a8362"><con:settings/><con:encoding>UTF-8</con:encoding><con:endpoint>http://currencyconverter.kowabunga.net/converter.asmx</con:endpoint><con:request><![CDATA[<soapenv:Envelope xmlns:soapenv="http://schemas.xmlsoap.org/soap/envelope/" xmlns:tem="http://tempuri.org/">\r
   <soapenv:Header/>\r
   <soapenv:Body>\r
      <tem:GetLastUpdateDate/>\r
   </soapenv:Body>\r
</soapenv:Envelope>]]></con:request><con:credentials><con:authType>No Authorization</con:authType></con:credentials><con:wsaConfig action="http://tempuri.org/GetLastUpdateDate"/></con:request></con:config></con:testStep><con:properties/></con:testCase><con:properties/></con:testSuite><con:properties/><con:wssContainer/><con:oAuth2ProfileContainer/><con:oAuth1ProfileContainer/><con:sensitiveInformation/></con:soapui-project>